# JRE version: Java(TM) SE Runtime Environment (8.0_45-b15) (build 1.8.0_45-b15)
# Java VM: Java HotSpot(TM) 64-Bit Server VM (25.45-b02 mixed mode windows-amd64 compressed oops)
Heap:
 PSYoungGen      total 70656K, used 16751K [0x00000000e0000000, 0x00000000e5980000, 0x0000000100000000)
  eden space 60928K, 11% used [0x00000000e0000000,0x00000000e06de740,0x00000000e3b80000)
  from space 9728K, 99% used [0x00000000e4780000,0x00000000e50fd4e0,0x00000000e5100000)
  to   space 12288K, 4% used [0x00000000e3b80000,0x00000000e3c10000,0x00000000e4780000)
 ParOldGen       total 69120K, used 13651K [0x00000000a0000000, 0x00000000a4380000, 0x00000000e0000000)
  object space 69120K, 19% used [0x00000000a0000000,0x00000000a0d54d58,0x00000000a4380000)
 Metaspace       used 33909K, capacity 34666K, committed 34816K, reserved 1083392K
  class space    used 4584K, capacity 4834K, committed 4864K, reserved 1048576K
GC Heap History (10 events):
Event: 5.613 GC heap before
{Heap before GC invocations=5 (full 1):
 PSYoungGen      total 38400K, used 5096K [0x00000000e0000000, 0x00000000e2a80000, 0x0000000100000000)
  eden space 33280K, 0% used [0x00000000e0000000,0x00000000e0000000,0x00000000e2080000)
  from space 5120K, 99% used [0x00000000e2580000,0x00000000e2a7a020,0x00000000e2a80000)
  to   space 5120K, 0% used [0x00000000e2080000,0x00000000e2080000,0x00000000e2580000)
 ParOldGen       total 87552K, used 8212K [0x00000000a0000000, 0x00000000a5580000, 0x00000000e0000000)
  object space 87552K, 9% used [0x00000000a0000000,0x00000000a0805138,0x00000000a5580000)
 Metaspace       used 20876K, capacity 21236K, committed 21296K, reserved 1067008K
  class space    used 2796K, capacity 2939K, committed 2944K, reserved 1048576K
Event: 5.696 GC heap after
Heap after GC invocations=5 (full 1):
 PSYoungGen      total 38400K, used 0K [0x00000000e0000000, 0x00000000e2a80000, 0x0000000100000000)
  eden space 33280K, 0% used [0x00000000e0000000,0x00000000e0000000,0x00000000e2080000)
  from space 5120K, 0% used [0x00000000e2580000,0x00000000e2580000,0x00000000e2a80000)
  to   space 5120K, 0% used [0x00000000e2080000,0x00000000e2080000,0x00000000e2580000)
 ParOldGen       total 69120K, used 10744K [0x00000000a0000000, 0x00000000a4380000, 0x00000000e0000000)
  object space 69120K, 15% used [0x00000000a0000000,0x00000000a0a7e188,0x00000000a4380000)
 Metaspace       used 20876K, capacity 21236K, committed 21296K, reserved 1067008K
  class space    used 2796K, capacity 2939K, committed 2944K, reserved 1048576K
}
Event: 6.599 GC heap before
{Heap before GC invocations=6 (full 1):
 PSYoungGen      total 38400K, used 33280K [0x00000000e0000000, 0x00000000e2a80000, 0x0000000100000000)
  eden space 33280K, 100% used [0x00000000e0000000,0x00000000e2080000,0x00000000e2080000)
  from space 5120K, 0% used [0x00000000e2580000,0x00000000e2580000,0x00000000e2a80000)
  to   space 5120K, 0% used [0x00000000e2080000,0x00000000e2080000,0x00000000e2580000)
 ParOldGen       total 69120K, used 10744K [0x00000000a0000000, 0x00000000a4380000, 0x00000000e0000000)
  object space 69120K, 15% used [0x00000000a0000000,0x00000000a0a7e188,0x00000000a4380000)
 Metaspace       used 23525K, capacity 23842K, committed 24192K, reserved 1071104K
  class space    used 3231K, capacity 3335K, committed 3456K, reserved 1048576K
Event: 6.609 GC heap after
Heap after GC invocations=6 (full 1):
 PSYoungGen      total 38400K, used 4107K [0x00000000e0000000, 0x00000000e4300000, 0x0000000100000000)
  eden space 33280K, 0% used [0x00000000e0000000,0x00000000e0000000,0x00000000e2080000)
  from space 5120K, 80% used [0x00000000e2080000,0x00000000e2482ca8,0x00000000e2580000)
  to   space 10752K, 0% used [0x00000000e3880000,0x00000000e3880000,0x00000000e4300000)
 ParOldGen       total 69120K, used 10752K [0x00000000a0000000, 0x00000000a4380000, 0x00000000e0000000)
  object space 69120K, 15% used [0x00000000a0000000,0x00000000a0a80188,0x00000000a4380000)
 Metaspace       used 23525K, capacity 23842K, committed 24192K, reserved 1071104K
  class space    used 3231K, capacity 3335K, committed 3456K, reserved 1048576K
}
Event: 7.268 GC heap before
{Heap before GC invocations=7 (full 1):
 PSYoungGen      total 38400K, used 37387K [0x00000000e0000000, 0x00000000e4300000, 0x0000000100000000)
  eden space 33280K, 100% used [0x00000000e0000000,0x00000000e2080000,0x00000000e2080000)
  from space 5120K, 80% used [0x00000000e2080000,0x00000000e2482ca8,0x00000000e2580000)
  to   space 10752K, 0% used [0x00000000e3880000,0x00000000e3880000,0x00000000e4300000)
 ParOldGen       total 69120K, used 10752K [0x00000000a0000000, 0x00000000a4380000, 0x00000000e0000000)
  object space 69120K, 15% used [0x00000000a0000000,0x00000000a0a80188,0x00000000a4380000)
 Metaspace       used 26463K, capacity 26938K, committed 27264K, reserved 1073152K
  class space    used 3695K, capacity 3857K, committed 3968K, reserved 1048576K
Event: 7.274 GC heap after
Heap after GC invocations=7 (full 1):
 PSYoungGen      total 55808K, used 5116K [0x00000000e0000000, 0x00000000e4180000, 0x0000000100000000)
  eden space 46592K, 0% used [0x00000000e0000000,0x00000000e0000000,0x00000000e2d80000)
  from space 9216K, 55% used [0x00000000e3880000,0x00000000e3d7f178,0x00000000e4180000)
  to   space 10240K, 0% used [0x00000000e2d80000,0x00000000e2d80000,0x00000000e3780000)
 ParOldGen       total 69120K, used 10760K [0x00000000a0000000, 0x00000000a4380000, 0x00000000e0000000)
  object space 69120K, 15% used [0x00000000a0000000,0x00000000a0a82188,0x00000000a4380000)
 Metaspace       used 26463K, capacity 26938K, committed 27264K, reserved 1073152K
  class space    used 3695K, capacity 3857K, committed 3968K, reserved 1048576K
}
Event: 10.839 GC heap before
{Heap before GC invocations=8 (full 1):
 PSYoungGen      total 55808K, used 51708K [0x00000000e0000000, 0x00000000e4180000, 0x0000000100000000)
  eden space 46592K, 100% used [0x00000000e0000000,0x00000000e2d80000,0x00000000e2d80000)
  from space 9216K, 55% used [0x00000000e3880000,0x00000000e3d7f178,0x00000000e4180000)
  to   space 10240K, 0% used [0x00000000e2d80000,0x00000000e2d80000,0x00000000e3780000)
 ParOldGen       total 69120K, used 10760K [0x00000000a0000000, 0x00000000a4380000, 0x00000000e0000000)
  object space 69120K, 15% used [0x00000000a0000000,0x00000000a0a82188,0x00000000a4380000)
 Metaspace       used 28259K, capacity 28756K, committed 28928K, reserved 1075200K
  class space    used 3888K, capacity 4035K, committed 4096K, reserved 1048576K
Event: 10.850 GC heap after
Heap after GC invocations=8 (full 1):
 PSYoungGen      total 56832K, used 6008K [0x00000000e0000000, 0x00000000e5100000, 0x0000000100000000)
  eden space 46592K, 0% used [0x00000000e0000000,0x00000000e0000000,0x00000000e2d80000)
  from space 10240K, 58% used [0x00000000e2d80000,0x00000000e335e3f0,0x00000000e3780000)
  to   space 9728K, 0% used [0x00000000e4780000,0x00000000e4780000,0x00000000e5100000)
 ParOldGen       total 69120K, used 10768K [0x00000000a0000000, 0x00000000a4380000, 0x00000000e0000000)
  object space 69120K, 15% used [0x00000000a0000000,0x00000000a0a84188,0x00000000a4380000)
 Metaspace       used 28259K, capacity 28756K, committed 28928K, reserved 1075200K
  class space    used 3888K, capacity 4035K, committed 4096K, reserved 1048576K
}
Event: 12.148 GC heap before
{Heap before GC invocations=9 (full 1):
 PSYoungGen      total 56832K, used 52600K [0x00000000e0000000, 0x00000000e5100000, 0x0000000100000000)
  eden space 46592K, 100% used [0x00000000e0000000,0x00000000e2d80000,0x00000000e2d80000)
  from space 10240K, 58% used [0x00000000e2d80000,0x00000000e335e3f0,0x00000000e3780000)
  to   space 9728K, 0% used [0x00000000e4780000,0x00000000e4780000,0x00000000e5100000)
 ParOldGen       total 69120K, used 10768K [0x00000000a0000000, 0x00000000a4380000, 0x00000000e0000000)
  object space 69120K, 15% used [0x00000000a0000000,0x00000000a0a84188,0x00000000a4380000)
 Metaspace       used 33123K, capacity 33898K, committed 34176K, reserved 1079296K
  class space    used 4470K, capacity 4706K, committed 4736K, reserved 1048576K
Event: 12.176 GC heap after
Heap after GC invocations=9 (full 1):
 PSYoungGen      total 70656K, used 9717K [0x00000000e0000000, 0x00000000e5980000, 0x0000000100000000)
  eden space 60928K, 0% used [0x00000000e0000000,0x00000000e0000000,0x00000000e3b80000)
  from space 9728K, 99% used [0x00000000e4780000,0x00000000e50fd4e0,0x00000000e5100000)
  to   space 12288K, 0% used [0x00000000e3b80000,0x00000000e3b80000,0x00000000e4780000)
 ParOldGen       total 69120K, used 13651K [0x00000000a0000000, 0x00000000a4380000, 0x00000000e0000000)
  object space 69120K, 19% used [0x00000000a0000000,0x00000000a0d54d58,0x00000000a4380000)
 Metaspace       used 33123K, capacity 33898K, committed 34176K, reserved 1079296K
  class space    used 4470K, capacity 4706K, committed 4736K, reserved 1048576K
}

