# JRE version: Java(TM) SE Runtime Environment (8.0_45-b15) (build 1.8.0_45-b15)
# Java VM: Java HotSpot(TM) 64-Bit Server VM (25.45-b02 mixed mode windows-amd64 compressed oops)
Heap:
 PSYoungGen      total 158720K, used 47882K [0x00000000e0000000, 0x00000000ed200000, 0x0000000100000000)
  eden space 122880K, 20% used [0x00000000e0000000,0x00000000e183db38,0x00000000e7800000)
  from space 35840K, 64% used [0x00000000e7800000,0x00000000e8e84de8,0x00000000e9b00000)
  to   space 36352K, 0% used [0x00000000eae80000,0x00000000eae80000,0x00000000ed200000)
 ParOldGen       total 107008K, used 53211K [0x00000000a0000000, 0x00000000a6880000, 0x00000000e0000000)
  object space 107008K, 49% used [0x00000000a0000000,0x00000000a33f6f68,0x00000000a6880000)
 Metaspace       used 60678K, capacity 62896K, committed 63104K, reserved 1103872K
  class space    used 8107K, capacity 8566K, committed 8576K, reserved 1048576K
GC Heap History (10 events):
Event: 33.363 GC heap before
{Heap before GC invocations=16 (full 2):
 PSYoungGen      total 110592K, used 110564K [0x00000000e0000000, 0x00000000e9b80000, 0x0000000100000000)
  eden space 94208K, 100% used [0x00000000e0000000,0x00000000e5c00000,0x00000000e5c00000)
  from space 16384K, 99% used [0x00000000e5c00000,0x00000000e6bf9398,0x00000000e6c00000)
  to   space 23040K, 0% used [0x00000000e8500000,0x00000000e8500000,0x00000000e9b80000)
 ParOldGen       total 107008K, used 31872K [0x00000000a0000000, 0x00000000a6880000, 0x00000000e0000000)
  object space 107008K, 29% used [0x00000000a0000000,0x00000000a1f202f0,0x00000000a6880000)
 Metaspace       used 53255K, capacity 55250K, committed 55552K, reserved 1097728K
  class space    used 7180K, capacity 7618K, committed 7680K, reserved 1048576K
Event: 33.412 GC heap after
Heap after GC invocations=16 (full 2):
 PSYoungGen      total 130048K, used 23024K [0x00000000e0000000, 0x00000000ea680000, 0x0000000100000000)
  eden space 107008K, 0% used [0x00000000e0000000,0x00000000e0000000,0x00000000e6880000)
  from space 23040K, 99% used [0x00000000e8500000,0x00000000e9b7c070,0x00000000e9b80000)
  to   space 29184K, 0% used [0x00000000e6880000,0x00000000e6880000,0x00000000e8500000)
 ParOldGen       total 107008K, used 39523K [0x00000000a0000000, 0x00000000a6880000, 0x00000000e0000000)
  object space 107008K, 36% used [0x00000000a0000000,0x00000000a2698d60,0x00000000a6880000)
 Metaspace       used 53255K, capacity 55250K, committed 55552K, reserved 1097728K
  class space    used 7180K, capacity 7618K, committed 7680K, reserved 1048576K
}
Event: 40.841 GC heap before
{Heap before GC invocations=17 (full 2):
 PSYoungGen      total 130048K, used 130032K [0x00000000e0000000, 0x00000000ea680000, 0x0000000100000000)
  eden space 107008K, 100% used [0x00000000e0000000,0x00000000e6880000,0x00000000e6880000)
  from space 23040K, 99% used [0x00000000e8500000,0x00000000e9b7c070,0x00000000e9b80000)
  to   space 29184K, 0% used [0x00000000e6880000,0x00000000e6880000,0x00000000e8500000)
 ParOldGen       total 107008K, used 39523K [0x00000000a0000000, 0x00000000a6880000, 0x00000000e0000000)
  object space 107008K, 36% used [0x00000000a0000000,0x00000000a2698d60,0x00000000a6880000)
 Metaspace       used 54595K, capacity 56608K, committed 56704K, reserved 1097728K
  class space    used 7352K, capacity 7789K, committed 7808K, reserved 1048576K
Event: 40.874 GC heap after
Heap after GC invocations=17 (full 2):
 PSYoungGen      total 136192K, used 28033K [0x00000000e0000000, 0x00000000ebb80000, 0x0000000100000000)
  eden space 107008K, 0% used [0x00000000e0000000,0x00000000e0000000,0x00000000e6880000)
  from space 29184K, 96% used [0x00000000e6880000,0x00000000e83e0638,0x00000000e8500000)
  to   space 33280K, 0% used [0x00000000e9b00000,0x00000000e9b00000,0x00000000ebb80000)
 ParOldGen       total 107008K, used 39531K [0x00000000a0000000, 0x00000000a6880000, 0x00000000e0000000)
  object space 107008K, 36% used [0x00000000a0000000,0x00000000a269ad60,0x00000000a6880000)
 Metaspace       used 54595K, capacity 56608K, committed 56704K, reserved 1097728K
  class space    used 7352K, capacity 7789K, committed 7808K, reserved 1048576K
}
Event: 41.759 GC heap before
{Heap before GC invocations=18 (full 2):
 PSYoungGen      total 136192K, used 48706K [0x00000000e0000000, 0x00000000ebb80000, 0x0000000100000000)
  eden space 107008K, 19% used [0x00000000e0000000,0x00000000e1430498,0x00000000e6880000)
  from space 29184K, 96% used [0x00000000e6880000,0x00000000e83e0638,0x00000000e8500000)
  to   space 33280K, 0% used [0x00000000e9b00000,0x00000000e9b00000,0x00000000ebb80000)
 ParOldGen       total 107008K, used 39531K [0x00000000a0000000, 0x00000000a6880000, 0x00000000e0000000)
  object space 107008K, 36% used [0x00000000a0000000,0x00000000a269ad60,0x00000000a6880000)
 Metaspace       used 56964K, capacity 59050K, committed 59136K, reserved 1099776K
  class space    used 7709K, capacity 8178K, committed 8192K, reserved 1048576K
Event: 41.793 GC heap after
Heap after GC invocations=18 (full 2):
 PSYoungGen      total 156160K, used 25840K [0x00000000e0000000, 0x00000000ec980000, 0x0000000100000000)
  eden space 122880K, 0% used [0x00000000e0000000,0x00000000e0000000,0x00000000e7800000)
  from space 33280K, 77% used [0x00000000e9b00000,0x00000000eb43c0a0,0x00000000ebb80000)
  to   space 35840K, 0% used [0x00000000e7800000,0x00000000e7800000,0x00000000e9b00000)
 ParOldGen       total 107008K, used 39539K [0x00000000a0000000, 0x00000000a6880000, 0x00000000e0000000)
  object space 107008K, 36% used [0x00000000a0000000,0x00000000a269cd60,0x00000000a6880000)
 Metaspace       used 56964K, capacity 59050K, committed 59136K, reserved 1099776K
  class space    used 7709K, capacity 8178K, committed 8192K, reserved 1048576K
}
Event: 41.793 GC heap before
{Heap before GC invocations=19 (full 3):
 PSYoungGen      total 156160K, used 25840K [0x00000000e0000000, 0x00000000ec980000, 0x0000000100000000)
  eden space 122880K, 0% used [0x00000000e0000000,0x00000000e0000000,0x00000000e7800000)
  from space 33280K, 77% used [0x00000000e9b00000,0x00000000eb43c0a0,0x00000000ebb80000)
  to   space 35840K, 0% used [0x00000000e7800000,0x00000000e7800000,0x00000000e9b00000)
 ParOldGen       total 107008K, used 39539K [0x00000000a0000000, 0x00000000a6880000, 0x00000000e0000000)
  object space 107008K, 36% used [0x00000000a0000000,0x00000000a269cd60,0x00000000a6880000)
 Metaspace       used 56964K, capacity 59050K, committed 59136K, reserved 1099776K
  class space    used 7709K, capacity 8178K, committed 8192K, reserved 1048576K
Event: 42.244 GC heap after
Heap after GC invocations=19 (full 3):
 PSYoungGen      total 156160K, used 0K [0x00000000e0000000, 0x00000000ec980000, 0x0000000100000000)
  eden space 122880K, 0% used [0x00000000e0000000,0x00000000e0000000,0x00000000e7800000)
  from space 33280K, 0% used [0x00000000e9b00000,0x00000000e9b00000,0x00000000ebb80000)
  to   space 35840K, 0% used [0x00000000e7800000,0x00000000e7800000,0x00000000e9b00000)
 ParOldGen       total 107008K, used 53203K [0x00000000a0000000, 0x00000000a6880000, 0x00000000e0000000)
  object space 107008K, 49% used [0x00000000a0000000,0x00000000a33f4f68,0x00000000a6880000)
 Metaspace       used 56962K, capacity 59044K, committed 59136K, reserved 1099776K
  class space    used 7708K, capacity 8177K, committed 8192K, reserved 1048576K
}
Event: 50.039 GC heap before
{Heap before GC invocations=20 (full 3):
 PSYoungGen      total 156160K, used 122880K [0x00000000e0000000, 0x00000000ec980000, 0x0000000100000000)
  eden space 122880K, 100% used [0x00000000e0000000,0x00000000e7800000,0x00000000e7800000)
  from space 33280K, 0% used [0x00000000e9b00000,0x00000000e9b00000,0x00000000ebb80000)
  to   space 35840K, 0% used [0x00000000e7800000,0x00000000e7800000,0x00000000e9b00000)
 ParOldGen       total 107008K, used 53203K [0x00000000a0000000, 0x00000000a6880000, 0x00000000e0000000)
  object space 107008K, 49% used [0x00000000a0000000,0x00000000a33f4f68,0x00000000a6880000)
 Metaspace       used 60651K, capacity 62832K, committed 62848K, reserved 1103872K
  class space    used 8107K, capacity 8566K, committed 8576K, reserved 1048576K
Event: 50.063 GC heap after
Heap after GC invocations=20 (full 3):
 PSYoungGen      total 158720K, used 23059K [0x00000000e0000000, 0x00000000ed200000, 0x0000000100000000)
  eden space 122880K, 0% used [0x00000000e0000000,0x00000000e0000000,0x00000000e7800000)
  from space 35840K, 64% used [0x00000000e7800000,0x00000000e8e84de8,0x00000000e9b00000)
  to   space 36352K, 0% used [0x00000000eae80000,0x00000000eae80000,0x00000000ed200000)
 ParOldGen       total 107008K, used 53211K [0x00000000a0000000, 0x00000000a6880000, 0x00000000e0000000)
  object space 107008K, 49% used [0x00000000a0000000,0x00000000a33f6f68,0x00000000a6880000)
 Metaspace       used 60651K, capacity 62832K, committed 62848K, reserved 1103872K
  class space    used 8107K, capacity 8566K, committed 8576K, reserved 1048576K
}

